[2017-03-13 13-20-53] PHP Notice: Undefined index: HTTP_USER_AGENT in C:\Users\WPJ3Station\DiskGoogle\James\LOCALHOST\DP\Webshooter\app\FrontModule\presenters\UserAgentParser.php:21  @  CLI (PID: 17120): index.php 
[2017-03-13 13-22-48] PHP Notice: Undefined index: HTTP_USER_AGENT in C:\Users\WPJ3Station\DiskGoogle\James\LOCALHOST\DP\Webshooter\app\FrontModule\presenters\UserAgentParser.php:21  @  CLI (PID: 5432): index.php 
[2017-03-13 13-23-22] PHP Notice: Undefined index: HTTP_USER_AGENT in C:\Users\WPJ3Station\DiskGoogle\James\LOCALHOST\DP\Webshooter\app\FrontModule\presenters\UserAgentParser.php:21  @  CLI (PID: 22156): index.php 
[2017-03-13 13-23-54] PHP Notice: Undefined index: HTTP_USER_AGENT in C:\Users\WPJ3Station\DiskGoogle\James\LOCALHOST\DP\Webshooter\app\FrontModule\presenters\UserAgentParser.php:21  @  CLI (PID: 16988): index.php 
[2017-03-13 13-24-56] PHP Notice: Undefined index: HTTP_USER_AGENT in C:\Users\WPJ3Station\DiskGoogle\James\LOCALHOST\DP\Webshooter\app\FrontModule\presenters\UserAgentParser.php:21  @  CLI (PID: 11132): index.php 
[2017-03-13 13-25-54] PHP Notice: Undefined index: HTTP_USER_AGENT in C:\Users\WPJ3Station\DiskGoogle\James\LOCALHOST\DP\Webshooter\app\FrontModule\presenters\UserAgentParser.php:21  @  CLI (PID: 840): index.php 
[2017-03-13 13-28-31] PHP Notice: Undefined index: HTTP_USER_AGENT in C:\Users\WPJ3Station\DiskGoogle\James\LOCALHOST\DP\Webshooter\app\FrontModule\presenters\UserAgentParser.php:21  @  CLI (PID: 16312): index.php 
[2017-03-13 13-29-50] PHP Notice: Undefined index: HTTP_USER_AGENT in C:\Users\WPJ3Station\DiskGoogle\James\LOCALHOST\DP\Webshooter\app\FrontModule\presenters\UserAgentParser.php:21  @  CLI (PID: 10136): index.php 
[2017-03-13 13-30-33] PHP Notice: Undefined index: HTTP_USER_AGENT in C:\Users\WPJ3Station\DiskGoogle\James\LOCALHOST\DP\Webshooter\app\FrontModule\presenters\UserAgentParser.php:21  @  CLI (PID: 1988): index.php 
[2017-03-13 13-31-19] PHP Notice: Undefined index: HTTP_USER_AGENT in C:\Users\WPJ3Station\DiskGoogle\James\LOCALHOST\DP\Webshooter\app\FrontModule\presenters\UserAgentParser.php:21  @  CLI (PID: 11880): index.php 
[2017-03-13 13-38-16] PHP Notice: Undefined index: HTTP_USER_AGENT in C:\Users\WPJ3Station\DiskGoogle\James\LOCALHOST\DP\Webshooter\app\FrontModule\presenters\UserAgentParser.php:21  @  CLI (PID: 4296): index.php 
[2017-03-13 13-41-45] PHP Notice: Undefined index: HTTP_USER_AGENT in C:\Users\WPJ3Station\DiskGoogle\James\LOCALHOST\DP\Webshooter\app\FrontModule\presenters\UserAgentParser.php:21  @  CLI (PID: 20564): index.php 
[2017-03-13 13-43-14] PHP Notice: Undefined index: HTTP_USER_AGENT in C:\Users\WPJ3Station\DiskGoogle\James\LOCALHOST\DP\Webshooter\app\FrontModule\presenters\UserAgentParser.php:21  @  CLI (PID: 19400): index.php 
[2017-03-13 13-45-12] PHP Notice: Undefined index: HTTP_USER_AGENT in C:\Users\WPJ3Station\DiskGoogle\James\LOCALHOST\DP\Webshooter\app\FrontModule\presenters\UserAgentParser.php:21  @  CLI (PID: 21376): index.php 
[2017-03-13 13-56-32] PHP Notice: Undefined index: HTTP_USER_AGENT in C:\Users\WPJ3Station\DiskGoogle\James\LOCALHOST\DP\Webshooter\app\FrontModule\presenters\UserAgentParser.php:21  @  CLI (PID: 15804): index.php 
[2017-03-13 13-56-38] PHP Notice: Undefined index: HTTP_USER_AGENT in C:\Users\WPJ3Station\DiskGoogle\James\LOCALHOST\DP\Webshooter\app\FrontModule\presenters\UserAgentParser.php:21  @  CLI (PID: 7428): index.php 
[2017-03-13 13-57-19] PHP Notice: Undefined index: HTTP_USER_AGENT in C:\Users\WPJ3Station\DiskGoogle\James\LOCALHOST\DP\Webshooter\app\FrontModule\presenters\UserAgentParser.php:21  @  CLI (PID: 5972): index.php 
[2017-03-13 13-57-21] PHP Notice: Undefined index: HTTP_USER_AGENT in C:\Users\WPJ3Station\DiskGoogle\James\LOCALHOST\DP\Webshooter\app\FrontModule\presenters\UserAgentParser.php:21  @  CLI (PID: 19376): index.php 
[2017-03-13 13-57-40] PHP Notice: Undefined index: HTTP_USER_AGENT in C:\Users\WPJ3Station\DiskGoogle\James\LOCALHOST\DP\Webshooter\app\FrontModule\presenters\UserAgentParser.php:21  @  CLI (PID: 17564): index.php 
[2017-03-13 13-58-03] PHP Notice: Undefined index: HTTP_USER_AGENT in C:\Users\WPJ3Station\DiskGoogle\James\LOCALHOST\DP\Webshooter\app\FrontModule\presenters\UserAgentParser.php:21  @  CLI (PID: 14852): index.php 
[2017-03-13 13-58-34] PHP Notice: Undefined index: HTTP_USER_AGENT in C:\Users\WPJ3Station\DiskGoogle\James\LOCALHOST\DP\Webshooter\app\FrontModule\presenters\UserAgentParser.php:21  @  CLI (PID: 11856): index.php 
[2017-03-13 13-59-24] PHP Notice: Undefined index: HTTP_USER_AGENT in C:\Users\WPJ3Station\DiskGoogle\James\LOCALHOST\DP\Webshooter\app\FrontModule\presenters\UserAgentParser.php:21  @  CLI (PID: 17504): index.php 
[2017-03-13 14-04-18] PHP Notice: Undefined index: HTTP_USER_AGENT in C:\Users\WPJ3Station\DiskGoogle\James\LOCALHOST\DP\Webshooter\app\FrontModule\presenters\UserAgentParser.php:21  @  CLI (PID: 13228): index.php 
[2017-03-13 14-04-56] PHP Notice: Undefined index: HTTP_USER_AGENT in C:\Users\WPJ3Station\DiskGoogle\James\LOCALHOST\DP\Webshooter\app\FrontModule\presenters\UserAgentParser.php:21  @  CLI (PID: 11476): index.php 
[2017-03-13 14-08-04] PHP Notice: Undefined index: HTTP_USER_AGENT in C:\Users\WPJ3Station\DiskGoogle\James\LOCALHOST\DP\Webshooter\app\FrontModule\presenters\UserAgentParser.php:21  @  CLI (PID: 20704): index.php 
[2017-03-13 14-10-21] PHP Notice: Undefined index: HTTP_USER_AGENT in C:\Users\WPJ3Station\DiskGoogle\James\LOCALHOST\DP\Webshooter\app\FrontModule\presenters\UserAgentParser.php:21  @  CLI (PID: 17452): index.php 
[2017-03-13 14-11-58] PHP Notice: Undefined index: HTTP_USER_AGENT in C:\Users\WPJ3Station\DiskGoogle\James\LOCALHOST\DP\Webshooter\app\FrontModule\presenters\UserAgentParser.php:21  @  CLI (PID: 1676): index.php 
[2017-03-13 15-43-47] PHP Notice: Undefined index: HTTP_USER_AGENT in C:\Users\WPJ3Station\DiskGoogle\James\LOCALHOST\DP\Webshooter\app\FrontModule\presenters\UserAgentParser.php:21  @  CLI (PID: 7060): index.php 
[2017-03-13 15-44-13] PHP Notice: Undefined index: HTTP_USER_AGENT in C:\Users\WPJ3Station\DiskGoogle\James\LOCALHOST\DP\Webshooter\app\FrontModule\presenters\UserAgentParser.php:21  @  CLI (PID: 21104): index.php 
[2017-03-13 15-46-05] PHP Notice: Undefined index: HTTP_USER_AGENT in C:\Users\WPJ3Station\DiskGoogle\James\LOCALHOST\DP\Webshooter\app\FrontModule\presenters\UserAgentParser.php:21  @  CLI (PID: 14404): index.php 
[2017-03-13 15-51-05] PHP Notice: Undefined index: HTTP_USER_AGENT in C:\Users\WPJ3Station\DiskGoogle\James\LOCALHOST\DP\Webshooter\app\FrontModule\presenters\UserAgentParser.php:21  @  CLI (PID: 10904): index.php 
[2017-03-13 16-19-48] PHP Notice: Undefined index: HTTP_USER_AGENT in C:\Users\WPJ3Station\DiskGoogle\James\LOCALHOST\DP\Webshooter\app\FrontModule\presenters\UserAgentParser.php:21  @  CLI (PID: 16560): index.php 
[2017-03-13 16-19-58] PHP Notice: Undefined index: HTTP_USER_AGENT in C:\Users\WPJ3Station\DiskGoogle\James\LOCALHOST\DP\Webshooter\app\FrontModule\presenters\UserAgentParser.php:21  @  CLI (PID: 11632): index.php 
[2017-03-13 16-29-27] PHP Notice: Undefined index: HTTP_USER_AGENT in C:\Users\WPJ3Station\DiskGoogle\James\LOCALHOST\DP\Webshooter\app\FrontModule\presenters\UserAgentParser.php:21  @  CLI (PID: 16136): index.php 
[2017-03-13 16-52-57] PHP Notice: Undefined index: HTTP_USER_AGENT in C:\Users\WPJ3Station\DiskGoogle\James\LOCALHOST\DP\Webshooter\app\FrontModule\presenters\UserAgentParser.php:21  @  CLI (PID: 7732): index.php 
[2017-03-13 17-04-24] PHP Notice: Undefined index: HTTP_USER_AGENT in C:\Users\WPJ3Station\DiskGoogle\James\LOCALHOST\DP\Webshooter\app\FrontModule\presenters\UserAgentParser.php:21  @  CLI (PID: 20656): index.php 
[2017-03-13 17-23-32] PHP Notice: Undefined index: HTTP_USER_AGENT in C:\Users\WPJ3Station\DiskGoogle\James\LOCALHOST\DP\Webshooter\app\FrontModule\presenters\UserAgentParser.php:21  @  CLI (PID: 5816): index.php 
[2017-03-15 08-19-44] PHP Notice: Undefined index: HTTP_USER_AGENT in C:\Users\WPJ3Station\DiskGoogle\James\LOCALHOST\DP\Webshooter\app\FrontModule\presenters\UserAgentParser.php:21  @  CLI (PID: 21388): index.php 
[2017-03-15 08-24-37] PHP Notice: Undefined index: HTTP_USER_AGENT in C:\Users\WPJ3Station\DiskGoogle\James\LOCALHOST\DP\Webshooter\app\FrontModule\presenters\UserAgentParser.php:21  @  CLI (PID: 17384): index.php 
[2017-03-15 08-56-05] PHP Notice: Undefined index: HTTP_USER_AGENT in C:\Users\WPJ3Station\DiskGoogle\James\LOCALHOST\DP\Webshooter\app\FrontModule\presenters\UserAgentParser.php:21  @  CLI (PID: 5728): index.php 
[2017-03-15 09-18-20] PHP Notice: Undefined index: HTTP_USER_AGENT in C:\Users\WPJ3Station\DiskGoogle\James\LOCALHOST\DP\Webshooter\app\FrontModule\presenters\UserAgentParser.php:21  @  CLI (PID: 16376): index.php 
[2017-03-15 09-44-20] PHP Notice: Undefined index: HTTP_USER_AGENT in C:\Users\WPJ3Station\DiskGoogle\James\LOCALHOST\DP\Webshooter\app\FrontModule\presenters\UserAgentParser.php:21  @  CLI (PID: 19220): index.php 
[2017-03-15 10-10-17] PHP Notice: Undefined index: HTTP_USER_AGENT in C:\Users\WPJ3Station\DiskGoogle\James\LOCALHOST\DP\Webshooter\app\FrontModule\presenters\UserAgentParser.php:21  @  CLI (PID: 19344): index.php 
[2017-03-15 10-23-57] PHP Notice: Undefined index: HTTP_USER_AGENT in C:\Users\WPJ3Station\DiskGoogle\James\LOCALHOST\DP\Webshooter\app\FrontModule\presenters\UserAgentParser.php:21  @  CLI (PID: 12596): index.php 
[2017-03-15 10-39-14] PHP Notice: Undefined index: HTTP_USER_AGENT in C:\Users\WPJ3Station\DiskGoogle\James\LOCALHOST\DP\Webshooter\app\FrontModule\presenters\UserAgentParser.php:21  @  CLI (PID: 16116): index.php 
[2017-03-15 11-04-01] PHP Notice: Undefined index: HTTP_USER_AGENT in C:\Users\WPJ3Station\DiskGoogle\James\LOCALHOST\DP\Webshooter\app\FrontModule\presenters\UserAgentParser.php:21  @  CLI (PID: 17620): index.php 
[2017-03-15 11-33-28] PHP Notice: Undefined index: HTTP_USER_AGENT in C:\Users\WPJ3Station\DiskGoogle\James\LOCALHOST\DP\Webshooter\app\FrontModule\presenters\UserAgentParser.php:21  @  CLI (PID: 8116): index.php 
[2017-03-15 11-46-21] PHP Notice: Undefined index: HTTP_USER_AGENT in C:\Users\WPJ3Station\DiskGoogle\James\LOCALHOST\DP\Webshooter\app\FrontModule\presenters\UserAgentParser.php:21  @  CLI (PID: 5848): index.php 
[2017-03-15 12-01-55] PHP Notice: Undefined index: HTTP_USER_AGENT in C:\Users\WPJ3Station\DiskGoogle\James\LOCALHOST\DP\Webshooter\app\FrontModule\presenters\UserAgentParser.php:21  @  CLI (PID: 16972): index.php 
[2017-03-15 12-47-14] PHP Notice: Undefined index: HTTP_USER_AGENT in C:\Users\WPJ3Station\DiskGoogle\James\LOCALHOST\DP\Webshooter\app\FrontModule\presenters\UserAgentParser.php:21  @  CLI (PID: 7792): index.php 
[2017-03-15 13-26-10] PHP Notice: Undefined index: HTTP_USER_AGENT in C:\Users\WPJ3Station\DiskGoogle\James\LOCALHOST\DP\Webshooter\app\FrontModule\presenters\UserAgentParser.php:21  @  CLI (PID: 20216): index.php 
[2017-03-15 13-54-28] PHP Notice: Undefined index: HTTP_USER_AGENT in C:\Users\WPJ3Station\DiskGoogle\James\LOCALHOST\DP\Webshooter\app\FrontModule\presenters\UserAgentParser.php:21  @  CLI (PID: 1988): index.php 
[2017-03-15 14-30-44] PHP Notice: Undefined index: HTTP_USER_AGENT in C:\Users\WPJ3Station\DiskGoogle\James\LOCALHOST\DP\Webshooter\app\FrontModule\presenters\UserAgentParser.php:21  @  CLI (PID: 3984): index.php 
[2017-03-15 14-48-43] PHP Notice: Undefined index: HTTP_USER_AGENT in C:\Users\WPJ3Station\DiskGoogle\James\LOCALHOST\DP\Webshooter\app\FrontModule\presenters\UserAgentParser.php:21  @  CLI (PID: 8884): index.php 
[2017-03-15 14-51-44] PHP Notice: Undefined index: HTTP_USER_AGENT in C:\Users\WPJ3Station\DiskGoogle\James\LOCALHOST\DP\Webshooter\app\FrontModule\presenters\UserAgentParser.php:21  @  CLI (PID: 1532): index.php 
[2017-03-15 15-19-19] PHP Notice: Undefined index: HTTP_USER_AGENT in C:\Users\WPJ3Station\DiskGoogle\James\LOCALHOST\DP\Webshooter\app\FrontModule\presenters\UserAgentParser.php:21  @  CLI (PID: 9864): index.php 
[2017-03-15 15-26-03] PHP Notice: Undefined index: HTTP_USER_AGENT in C:\Users\WPJ3Station\DiskGoogle\James\LOCALHOST\DP\Webshooter\app\FrontModule\presenters\UserAgentParser.php:21  @  CLI (PID: 18668): index.php 
[2017-03-15 15-44-29] PHP Notice: Undefined index: HTTP_USER_AGENT in C:\Users\WPJ3Station\DiskGoogle\James\LOCALHOST\DP\Webshooter\app\FrontModule\presenters\UserAgentParser.php:21  @  CLI (PID: 4580): index.php 
[2017-03-15 16-06-01] PHP Notice: Undefined index: HTTP_USER_AGENT in C:\Users\WPJ3Station\DiskGoogle\James\LOCALHOST\DP\Webshooter\app\FrontModule\presenters\UserAgentParser.php:21  @  CLI (PID: 13736): index.php 
[2017-03-15 16-21-01] PHP Notice: Undefined index: HTTP_USER_AGENT in C:\Users\WPJ3Station\DiskGoogle\James\LOCALHOST\DP\Webshooter\app\FrontModule\presenters\UserAgentParser.php:21  @  CLI (PID: 14204): index.php 
[2017-03-16 08-06-41] PHP Notice: Undefined index: HTTP_USER_AGENT in C:\Users\WPJ3Station\DiskGoogle\James\LOCALHOST\DP\Webshooter\app\FrontModule\presenters\UserAgentParser.php:21  @  CLI (PID: 13356): index.php 
[2017-03-16 08-21-02] PHP Notice: Undefined index: HTTP_USER_AGENT in C:\Users\WPJ3Station\DiskGoogle\James\LOCALHOST\DP\Webshooter\app\FrontModule\presenters\UserAgentParser.php:21  @  CLI (PID: 11132): index.php 
[2017-03-16 08-36-05] PHP Notice: Undefined index: HTTP_USER_AGENT in C:\Users\WPJ3Station\DiskGoogle\James\LOCALHOST\DP\Webshooter\app\FrontModule\presenters\UserAgentParser.php:21  @  CLI (PID: 17204): index.php 
[2017-03-16 09-36-04] PHP Notice: Undefined index: HTTP_USER_AGENT in C:\Users\WPJ3Station\DiskGoogle\James\LOCALHOST\DP\Webshooter\app\FrontModule\presenters\UserAgentParser.php:21  @  CLI (PID: 22892): index.php 
[2017-03-16 09-51-02] PHP Notice: Undefined index: HTTP_USER_AGENT in C:\Users\WPJ3Station\DiskGoogle\James\LOCALHOST\DP\Webshooter\app\FrontModule\presenters\UserAgentParser.php:21  @  CLI (PID: 16336): index.php 
[2017-03-16 10-06-03] PHP Notice: Undefined index: HTTP_USER_AGENT in C:\Users\WPJ3Station\DiskGoogle\James\LOCALHOST\DP\Webshooter\app\FrontModule\presenters\UserAgentParser.php:21  @  CLI (PID: 13852): index.php 
[2017-03-16 10-21-00] PHP Notice: Undefined index: HTTP_USER_AGENT in C:\Users\WPJ3Station\DiskGoogle\James\LOCALHOST\DP\Webshooter\app\FrontModule\presenters\UserAgentParser.php:21  @  CLI (PID: 1472): index.php 
[2017-03-16 10-36-00] PHP Notice: Undefined index: HTTP_USER_AGENT in C:\Users\WPJ3Station\DiskGoogle\James\LOCALHOST\DP\Webshooter\app\FrontModule\presenters\UserAgentParser.php:21  @  CLI (PID: 11924): index.php 
[2017-03-16 10-51-00] PHP Notice: Undefined index: HTTP_USER_AGENT in C:\Users\WPJ3Station\DiskGoogle\James\LOCALHOST\DP\Webshooter\app\FrontModule\presenters\UserAgentParser.php:21  @  CLI (PID: 6712): index.php 
[2017-03-16 11-06-00] PHP Notice: Undefined index: HTTP_USER_AGENT in C:\Users\WPJ3Station\DiskGoogle\James\LOCALHOST\DP\Webshooter\app\FrontModule\presenters\UserAgentParser.php:21  @  CLI (PID: 2608): index.php 
[2017-03-16 11-21-02] PHP Notice: Undefined index: HTTP_USER_AGENT in C:\Users\WPJ3Station\DiskGoogle\James\LOCALHOST\DP\Webshooter\app\FrontModule\presenters\UserAgentParser.php:21  @  CLI (PID: 368): index.php 
[2017-03-16 11-36-00] PHP Notice: Undefined index: HTTP_USER_AGENT in C:\Users\WPJ3Station\DiskGoogle\James\LOCALHOST\DP\Webshooter\app\FrontModule\presenters\UserAgentParser.php:21  @  CLI (PID: 6788): index.php 
[2017-03-16 11-51-00] PHP Notice: Undefined index: HTTP_USER_AGENT in C:\Users\WPJ3Station\DiskGoogle\James\LOCALHOST\DP\Webshooter\app\FrontModule\presenters\UserAgentParser.php:21  @  CLI (PID: 12352): index.php 
[2017-03-16 12-06-03] PHP Notice: Undefined index: HTTP_USER_AGENT in C:\Users\WPJ3Station\DiskGoogle\James\LOCALHOST\DP\Webshooter\app\FrontModule\presenters\UserAgentParser.php:21  @  CLI (PID: 11440): index.php 
[2017-03-16 12-21-00] PHP Notice: Undefined index: HTTP_USER_AGENT in C:\Users\WPJ3Station\DiskGoogle\James\LOCALHOST\DP\Webshooter\app\FrontModule\presenters\UserAgentParser.php:21  @  CLI (PID: 4420): index.php 
[2017-03-16 12-21-01] PHP Warning: imagecreatefromjpeg(C:\Users\WPJ3Station\DiskGoogle\James\LOCALHOST\DP\Webshooter\www\/WS/plans/targets/1489663261-www.bymini.cz-chromebook-11-1366x768.jpg): failed to open stream: No such file or directory in C:\Users\WPJ3Station\DiskGoogle\James\LOCALHOST\DP\Webshooter\app\CliModule\presenters\CliPresenter.php:643  @  CLI (PID: 4420): index.php 
[2017-03-16 12-21-01] PHP Warning: imagecolorat() expects parameter 1 to be resource, boolean given in C:\Users\WPJ3Station\DiskGoogle\James\LOCALHOST\DP\Webshooter\app\CliModule\presenters\CliPresenter.php:370  @  CLI (PID: 4420): index.php 
[2017-03-16 12-21-01] PHP Warning: imagecolorsforindex() expects parameter 1 to be resource, boolean given in C:\Users\WPJ3Station\DiskGoogle\James\LOCALHOST\DP\Webshooter\app\CliModule\presenters\CliPresenter.php:372  @  CLI (PID: 4420): index.php 
[2017-03-16 12-36-01] PHP Notice: Undefined index: HTTP_USER_AGENT in C:\Users\WPJ3Station\DiskGoogle\James\LOCALHOST\DP\Webshooter\app\FrontModule\presenters\UserAgentParser.php:21  @  CLI (PID: 2036): index.php 
[2017-03-16 12-51-01] PHP Notice: Undefined index: HTTP_USER_AGENT in C:\Users\WPJ3Station\DiskGoogle\James\LOCALHOST\DP\Webshooter\app\FrontModule\presenters\UserAgentParser.php:21  @  CLI (PID: 4340): index.php 
[2017-03-16 13-06-01] PHP Notice: Undefined index: HTTP_USER_AGENT in C:\Users\WPJ3Station\DiskGoogle\James\LOCALHOST\DP\Webshooter\app\FrontModule\presenters\UserAgentParser.php:21  @  CLI (PID: 1600): index.php 
[2017-03-16 13-21-01] PHP Notice: Undefined index: HTTP_USER_AGENT in C:\Users\WPJ3Station\DiskGoogle\James\LOCALHOST\DP\Webshooter\app\FrontModule\presenters\UserAgentParser.php:21  @  CLI (PID: 2224): index.php 
[2017-03-16 13-36-00] PHP Notice: Undefined index: HTTP_USER_AGENT in C:\Users\WPJ3Station\DiskGoogle\James\LOCALHOST\DP\Webshooter\app\FrontModule\presenters\UserAgentParser.php:21  @  CLI (PID: 15028): index.php 
[2017-03-16 13-51-00] PHP Notice: Undefined index: HTTP_USER_AGENT in C:\Users\WPJ3Station\DiskGoogle\James\LOCALHOST\DP\Webshooter\app\FrontModule\presenters\UserAgentParser.php:21  @  CLI (PID: 9868): index.php 
[2017-03-16 14-06-01] PHP Notice: Undefined index: HTTP_USER_AGENT in C:\Users\WPJ3Station\DiskGoogle\James\LOCALHOST\DP\Webshooter\app\FrontModule\presenters\UserAgentParser.php:21  @  CLI (PID: 13236): index.php 
[2017-03-18 11-51-02] PHP Notice: Undefined index: HTTP_USER_AGENT in C:\Users\WPJ3Station\DiskGoogle\James\LOCALHOST\DP\Webshooter\app\FrontModule\presenters\UserAgentParser.php:21  @  CLI (PID: 16524): index.php 
[2017-03-18 12-06-00] PHP Notice: Undefined index: HTTP_USER_AGENT in C:\Users\WPJ3Station\DiskGoogle\James\LOCALHOST\DP\Webshooter\app\FrontModule\presenters\UserAgentParser.php:21  @  CLI (PID: 8936): index.php 
[2017-03-18 12-21-00] PHP Notice: Undefined index: HTTP_USER_AGENT in C:\Users\WPJ3Station\DiskGoogle\James\LOCALHOST\DP\Webshooter\app\FrontModule\presenters\UserAgentParser.php:21  @  CLI (PID: 9876): index.php 
[2017-03-18 12-36-00] PHP Notice: Undefined index: HTTP_USER_AGENT in C:\Users\WPJ3Station\DiskGoogle\James\LOCALHOST\DP\Webshooter\app\FrontModule\presenters\UserAgentParser.php:21  @  CLI (PID: 5428): index.php 
[2017-03-18 12-51-00] PHP Notice: Undefined index: HTTP_USER_AGENT in C:\Users\WPJ3Station\DiskGoogle\James\LOCALHOST\DP\Webshooter\app\FrontModule\presenters\UserAgentParser.php:21  @  CLI (PID: 1476): index.php 
[2017-03-18 13-06-00] PHP Notice: Undefined index: HTTP_USER_AGENT in C:\Users\WPJ3Station\DiskGoogle\James\LOCALHOST\DP\Webshooter\app\FrontModule\presenters\UserAgentParser.php:21  @  CLI (PID: 11304): index.php 
[2017-03-18 13-21-00] PHP Notice: Undefined index: HTTP_USER_AGENT in C:\Users\WPJ3Station\DiskGoogle\James\LOCALHOST\DP\Webshooter\app\FrontModule\presenters\UserAgentParser.php:21  @  CLI (PID: 8124): index.php 
[2017-03-18 13-36-00] PHP Notice: Undefined index: HTTP_USER_AGENT in C:\Users\WPJ3Station\DiskGoogle\James\LOCALHOST\DP\Webshooter\app\FrontModule\presenters\UserAgentParser.php:21  @  CLI (PID: 12108): index.php 
[2017-03-18 13-51-00] PHP Notice: Undefined index: HTTP_USER_AGENT in C:\Users\WPJ3Station\DiskGoogle\James\LOCALHOST\DP\Webshooter\app\FrontModule\presenters\UserAgentParser.php:21  @  CLI (PID: 8228): index.php 
[2017-03-18 14-06-00] PHP Notice: Undefined index: HTTP_USER_AGENT in C:\Users\WPJ3Station\DiskGoogle\James\LOCALHOST\DP\Webshooter\app\FrontModule\presenters\UserAgentParser.php:21  @  CLI (PID: 5796): index.php 
[2017-03-18 14-21-01] PHP Notice: Undefined index: HTTP_USER_AGENT in C:\Users\WPJ3Station\DiskGoogle\James\LOCALHOST\DP\Webshooter\app\FrontModule\presenters\UserAgentParser.php:21  @  CLI (PID: 16180): index.php 
[2017-03-18 14-36-00] PHP Notice: Undefined index: HTTP_USER_AGENT in C:\Users\WPJ3Station\DiskGoogle\James\LOCALHOST\DP\Webshooter\app\FrontModule\presenters\UserAgentParser.php:21  @  CLI (PID: 5288): index.php 
[2017-03-18 14-51-00] PHP Notice: Undefined index: HTTP_USER_AGENT in C:\Users\WPJ3Station\DiskGoogle\James\LOCALHOST\DP\Webshooter\app\FrontModule\presenters\UserAgentParser.php:21  @  CLI (PID: 12264): index.php 
[2017-03-18 15-06-02] PHP Notice: Undefined index: HTTP_USER_AGENT in C:\Users\WPJ3Station\DiskGoogle\James\LOCALHOST\DP\Webshooter\app\FrontModule\presenters\UserAgentParser.php:21  @  CLI (PID: 6964): index.php 
[2017-03-18 15-21-00] PHP Notice: Undefined index: HTTP_USER_AGENT in C:\Users\WPJ3Station\DiskGoogle\James\LOCALHOST\DP\Webshooter\app\FrontModule\presenters\UserAgentParser.php:21  @  CLI (PID: 11020): index.php 
[2017-03-18 15-36-00] PHP Notice: Undefined index: HTTP_USER_AGENT in C:\Users\WPJ3Station\DiskGoogle\James\LOCALHOST\DP\Webshooter\app\FrontModule\presenters\UserAgentParser.php:21  @  CLI (PID: 16128): index.php 
[2017-03-18 15-51-00] PHP Notice: Undefined index: HTTP_USER_AGENT in C:\Users\WPJ3Station\DiskGoogle\James\LOCALHOST\DP\Webshooter\app\FrontModule\presenters\UserAgentParser.php:21  @  CLI (PID: 2344): index.php 
[2017-03-18 16-06-01] PHP Notice: Undefined index: HTTP_USER_AGENT in C:\Users\WPJ3Station\DiskGoogle\James\LOCALHOST\DP\Webshooter\app\FrontModule\presenters\UserAgentParser.php:21  @  CLI (PID: 16868): index.php 
[2017-03-18 16-21-01] PHP Notice: Undefined index: HTTP_USER_AGENT in C:\Users\WPJ3Station\DiskGoogle\James\LOCALHOST\DP\Webshooter\app\FrontModule\presenters\UserAgentParser.php:21  @  CLI (PID: 1928): index.php 
[2017-03-18 16-36-01] PHP Notice: Undefined index: HTTP_USER_AGENT in C:\Users\WPJ3Station\DiskGoogle\James\LOCALHOST\DP\Webshooter\app\FrontModule\presenters\UserAgentParser.php:21  @  CLI (PID: 13772): index.php 
[2017-03-18 16-51-01] PHP Notice: Undefined index: HTTP_USER_AGENT in C:\Users\WPJ3Station\DiskGoogle\James\LOCALHOST\DP\Webshooter\app\FrontModule\presenters\UserAgentParser.php:21  @  CLI (PID: 1316): index.php 
[2017-03-18 17-06-00] PHP Notice: Undefined index: HTTP_USER_AGENT in C:\Users\WPJ3Station\DiskGoogle\James\LOCALHOST\DP\Webshooter\app\FrontModule\presenters\UserAgentParser.php:21  @  CLI (PID: 10852): index.php 
[2017-03-18 17-21-01] PHP Notice: Undefined index: HTTP_USER_AGENT in C:\Users\WPJ3Station\DiskGoogle\James\LOCALHOST\DP\Webshooter\app\FrontModule\presenters\UserAgentParser.php:21  @  CLI (PID: 7248): index.php 
[2017-03-18 17-36-01] PHP Notice: Undefined index: HTTP_USER_AGENT in C:\Users\WPJ3Station\DiskGoogle\James\LOCALHOST\DP\Webshooter\app\FrontModule\presenters\UserAgentParser.php:21  @  CLI (PID: 6372): index.php 
[2017-03-18 17-51-00] PHP Notice: Undefined index: HTTP_USER_AGENT in C:\Users\WPJ3Station\DiskGoogle\James\LOCALHOST\DP\Webshooter\app\FrontModule\presenters\UserAgentParser.php:21  @  CLI (PID: 7956): index.php 
[2017-03-18 18-06-01] PHP Notice: Undefined index: HTTP_USER_AGENT in C:\Users\WPJ3Station\DiskGoogle\James\LOCALHOST\DP\Webshooter\app\FrontModule\presenters\UserAgentParser.php:21  @  CLI (PID: 15968): index.php 
[2017-03-18 18-21-00] PHP Notice: Undefined index: HTTP_USER_AGENT in C:\Users\WPJ3Station\DiskGoogle\James\LOCALHOST\DP\Webshooter\app\FrontModule\presenters\UserAgentParser.php:21  @  CLI (PID: 9796): index.php 
[2017-03-18 18-36-00] PHP Notice: Undefined index: HTTP_USER_AGENT in C:\Users\WPJ3Station\DiskGoogle\James\LOCALHOST\DP\Webshooter\app\FrontModule\presenters\UserAgentParser.php:21  @  CLI (PID: 6256): index.php 
[2017-03-18 18-51-00] PHP Notice: Undefined index: HTTP_USER_AGENT in C:\Users\WPJ3Station\DiskGoogle\James\LOCALHOST\DP\Webshooter\app\FrontModule\presenters\UserAgentParser.php:21  @  CLI (PID: 9448): index.php 
[2017-03-18 19-06-00] PHP Notice: Undefined index: HTTP_USER_AGENT in C:\Users\WPJ3Station\DiskGoogle\James\LOCALHOST\DP\Webshooter\app\FrontModule\presenters\UserAgentParser.php:21  @  CLI (PID: 17740): index.php 
[2017-03-18 19-21-01] PHP Notice: Undefined index: HTTP_USER_AGENT in C:\Users\WPJ3Station\DiskGoogle\James\LOCALHOST\DP\Webshooter\app\FrontModule\presenters\UserAgentParser.php:21  @  CLI (PID: 8308): index.php 
[2017-03-18 19-36-00] PHP Notice: Undefined index: HTTP_USER_AGENT in C:\Users\WPJ3Station\DiskGoogle\James\LOCALHOST\DP\Webshooter\app\FrontModule\presenters\UserAgentParser.php:21  @  CLI (PID: 2204): index.php 
[2017-03-18 19-51-01] PHP Notice: Undefined index: HTTP_USER_AGENT in C:\Users\WPJ3Station\DiskGoogle\James\LOCALHOST\DP\Webshooter\app\FrontModule\presenters\UserAgentParser.php:21  @  CLI (PID: 5908): index.php 
[2017-03-18 20-06-00] PHP Notice: Undefined index: HTTP_USER_AGENT in C:\Users\WPJ3Station\DiskGoogle\James\LOCALHOST\DP\Webshooter\app\FrontModule\presenters\UserAgentParser.php:21  @  CLI (PID: 11200): index.php 
[2017-03-18 20-21-00] PHP Notice: Undefined index: HTTP_USER_AGENT in C:\Users\WPJ3Station\DiskGoogle\James\LOCALHOST\DP\Webshooter\app\FrontModule\presenters\UserAgentParser.php:21  @  CLI (PID: 11564): index.php 
[2017-03-18 20-36-00] PHP Notice: Undefined index: HTTP_USER_AGENT in C:\Users\WPJ3Station\DiskGoogle\James\LOCALHOST\DP\Webshooter\app\FrontModule\presenters\UserAgentParser.php:21  @  CLI (PID: 5608): index.php 
[2017-03-18 20-51-00] PHP Notice: Undefined index: HTTP_USER_AGENT in C:\Users\WPJ3Station\DiskGoogle\James\LOCALHOST\DP\Webshooter\app\FrontModule\presenters\UserAgentParser.php:21  @  CLI (PID: 8052): index.php 
[2017-03-18 21-06-01] PHP Notice: Undefined index: HTTP_USER_AGENT in C:\Users\WPJ3Station\DiskGoogle\James\LOCALHOST\DP\Webshooter\app\FrontModule\presenters\UserAgentParser.php:21  @  CLI (PID: 9068): index.php 
[2017-03-18 21-21-01] PHP Notice: Undefined index: HTTP_USER_AGENT in C:\Users\WPJ3Station\DiskGoogle\James\LOCALHOST\DP\Webshooter\app\FrontModule\presenters\UserAgentParser.php:21  @  CLI (PID: 8104): index.php 
[2017-03-18 21-36-01] PHP Notice: Undefined index: HTTP_USER_AGENT in C:\Users\WPJ3Station\DiskGoogle\James\LOCALHOST\DP\Webshooter\app\FrontModule\presenters\UserAgentParser.php:21  @  CLI (PID: 10756): index.php 
[2017-03-18 21-51-00] PHP Notice: Undefined index: HTTP_USER_AGENT in C:\Users\WPJ3Station\DiskGoogle\James\LOCALHOST\DP\Webshooter\app\FrontModule\presenters\UserAgentParser.php:21  @  CLI (PID: 2708): index.php 
[2017-03-18 22-06-00] PHP Notice: Undefined index: HTTP_USER_AGENT in C:\Users\WPJ3Station\DiskGoogle\James\LOCALHOST\DP\Webshooter\app\FrontModule\presenters\UserAgentParser.php:21  @  CLI (PID: 1944): index.php 
[2017-03-18 22-21-00] PHP Notice: Undefined index: HTTP_USER_AGENT in C:\Users\WPJ3Station\DiskGoogle\James\LOCALHOST\DP\Webshooter\app\FrontModule\presenters\UserAgentParser.php:21  @  CLI (PID: 15484): index.php 
[2017-03-18 22-36-00] PHP Notice: Undefined index: HTTP_USER_AGENT in C:\Users\WPJ3Station\DiskGoogle\James\LOCALHOST\DP\Webshooter\app\FrontModule\presenters\UserAgentParser.php:21  @  CLI (PID: 18128): index.php 
[2017-03-18 22-51-00] PHP Notice: Undefined index: HTTP_USER_AGENT in C:\Users\WPJ3Station\DiskGoogle\James\LOCALHOST\DP\Webshooter\app\FrontModule\presenters\UserAgentParser.php:21  @  CLI (PID: 9068): index.php 
[2017-03-19 14-21-03] PHP Notice: Undefined index: HTTP_USER_AGENT in C:\Users\WPJ3Station\DiskGoogle\James\LOCALHOST\DP\Webshooter\app\FrontModule\presenters\UserAgentParser.php:21  @  CLI (PID: 11072): index.php 
[2017-03-19 14-35-59] PHP Notice: Undefined index: HTTP_USER_AGENT in C:\Users\WPJ3Station\DiskGoogle\James\LOCALHOST\DP\Webshooter\app\FrontModule\presenters\UserAgentParser.php:21  @  CLI (PID: 4860): index.php 
[2017-03-19 14-50-59] PHP Notice: Undefined index: HTTP_USER_AGENT in C:\Users\WPJ3Station\DiskGoogle\James\LOCALHOST\DP\Webshooter\app\FrontModule\presenters\UserAgentParser.php:21  @  CLI (PID: 8644): index.php 
[2017-03-19 15-05-59] PHP Notice: Undefined index: HTTP_USER_AGENT in C:\Users\WPJ3Station\DiskGoogle\James\LOCALHOST\DP\Webshooter\app\FrontModule\presenters\UserAgentParser.php:21  @  CLI (PID: 5584): index.php 
[2017-03-19 15-20-59] PHP Notice: Undefined index: HTTP_USER_AGENT in C:\Users\WPJ3Station\DiskGoogle\James\LOCALHOST\DP\Webshooter\app\FrontModule\presenters\UserAgentParser.php:21  @  CLI (PID: 16816): index.php 
[2017-03-19 15-35-59] PHP Notice: Undefined index: HTTP_USER_AGENT in C:\Users\WPJ3Station\DiskGoogle\James\LOCALHOST\DP\Webshooter\app\FrontModule\presenters\UserAgentParser.php:21  @  CLI (PID: 17144): index.php 
[2017-03-19 15-50-59] PHP Notice: Undefined index: HTTP_USER_AGENT in C:\Users\WPJ3Station\DiskGoogle\James\LOCALHOST\DP\Webshooter\app\FrontModule\presenters\UserAgentParser.php:21  @  CLI (PID: 17100): index.php 
[2017-03-19 16-05-59] PHP Notice: Undefined index: HTTP_USER_AGENT in C:\Users\WPJ3Station\DiskGoogle\James\LOCALHOST\DP\Webshooter\app\FrontModule\presenters\UserAgentParser.php:21  @  CLI (PID: 6800): index.php 
[2017-03-19 16-20-59] PHP Notice: Undefined index: HTTP_USER_AGENT in C:\Users\WPJ3Station\DiskGoogle\James\LOCALHOST\DP\Webshooter\app\FrontModule\presenters\UserAgentParser.php:21  @  CLI (PID: 14120): index.php 
[2017-03-19 16-35-59] PHP Notice: Undefined index: HTTP_USER_AGENT in C:\Users\WPJ3Station\DiskGoogle\James\LOCALHOST\DP\Webshooter\app\FrontModule\presenters\UserAgentParser.php:21  @  CLI (PID: 8656): index.php 
[2017-03-19 16-50-59] PHP Notice: Undefined index: HTTP_USER_AGENT in C:\Users\WPJ3Station\DiskGoogle\James\LOCALHOST\DP\Webshooter\app\FrontModule\presenters\UserAgentParser.php:21  @  CLI (PID: 10164): index.php 
[2017-03-19 17-06-02] PHP Notice: Undefined index: HTTP_USER_AGENT in C:\Users\WPJ3Station\DiskGoogle\James\LOCALHOST\DP\Webshooter\app\FrontModule\presenters\UserAgentParser.php:21  @  CLI (PID: 10600): index.php 
[2017-03-19 17-20-59] PHP Notice: Undefined index: HTTP_USER_AGENT in C:\Users\WPJ3Station\DiskGoogle\James\LOCALHOST\DP\Webshooter\app\FrontModule\presenters\UserAgentParser.php:21  @  CLI (PID: 18320): index.php 
[2017-03-19 17-35-59] PHP Notice: Undefined index: HTTP_USER_AGENT in C:\Users\WPJ3Station\DiskGoogle\James\LOCALHOST\DP\Webshooter\app\FrontModule\presenters\UserAgentParser.php:21  @  CLI (PID: 14984): index.php 
[2017-03-19 17-51-00] PHP Notice: Undefined index: HTTP_USER_AGENT in C:\Users\WPJ3Station\DiskGoogle\James\LOCALHOST\DP\Webshooter\app\FrontModule\presenters\UserAgentParser.php:21  @  CLI (PID: 4340): index.php 
[2017-03-19 18-05-59] PHP Notice: Undefined index: HTTP_USER_AGENT in C:\Users\WPJ3Station\DiskGoogle\James\LOCALHOST\DP\Webshooter\app\FrontModule\presenters\UserAgentParser.php:21  @  CLI (PID: 7112): index.php 
[2017-03-19 18-20-59] PHP Notice: Undefined index: HTTP_USER_AGENT in C:\Users\WPJ3Station\DiskGoogle\James\LOCALHOST\DP\Webshooter\app\FrontModule\presenters\UserAgentParser.php:21  @  CLI (PID: 7260): index.php 
[2017-03-19 18-35-59] PHP Notice: Undefined index: HTTP_USER_AGENT in C:\Users\WPJ3Station\DiskGoogle\James\LOCALHOST\DP\Webshooter\app\FrontModule\presenters\UserAgentParser.php:21  @  CLI (PID: 12992): index.php 
[2017-03-19 18-50-59] PHP Notice: Undefined index: HTTP_USER_AGENT in C:\Users\WPJ3Station\DiskGoogle\James\LOCALHOST\DP\Webshooter\app\FrontModule\presenters\UserAgentParser.php:21  @  CLI (PID: 13392): index.php 
[2017-03-19 19-05-59] PHP Notice: Undefined index: HTTP_USER_AGENT in C:\Users\WPJ3Station\DiskGoogle\James\LOCALHOST\DP\Webshooter\app\FrontModule\presenters\UserAgentParser.php:21  @  CLI (PID: 8768): index.php 
[2017-03-19 19-20-59] PHP Notice: Undefined index: HTTP_USER_AGENT in C:\Users\WPJ3Station\DiskGoogle\James\LOCALHOST\DP\Webshooter\app\FrontModule\presenters\UserAgentParser.php:21  @  CLI (PID: 5220): index.php 
[2017-03-19 19-36-00] PHP Notice: Undefined index: HTTP_USER_AGENT in C:\Users\WPJ3Station\DiskGoogle\James\LOCALHOST\DP\Webshooter\app\FrontModule\presenters\UserAgentParser.php:21  @  CLI (PID: 6020): index.php 
[2017-03-19 19-50-59] PHP Notice: Undefined index: HTTP_USER_AGENT in C:\Users\WPJ3Station\DiskGoogle\James\LOCALHOST\DP\Webshooter\app\FrontModule\presenters\UserAgentParser.php:21  @  CLI (PID: 1768): index.php 
[2017-03-19 20-05-59] PHP Notice: Undefined index: HTTP_USER_AGENT in C:\Users\WPJ3Station\DiskGoogle\James\LOCALHOST\DP\Webshooter\app\FrontModule\presenters\UserAgentParser.php:21  @  CLI (PID: 14384): index.php 
[2017-03-19 20-20-59] PHP Notice: Undefined index: HTTP_USER_AGENT in C:\Users\WPJ3Station\DiskGoogle\James\LOCALHOST\DP\Webshooter\app\FrontModule\presenters\UserAgentParser.php:21  @  CLI (PID: 14916): index.php 
[2017-03-19 20-35-59] PHP Notice: Undefined index: HTTP_USER_AGENT in C:\Users\WPJ3Station\DiskGoogle\James\LOCALHOST\DP\Webshooter\app\FrontModule\presenters\UserAgentParser.php:21  @  CLI (PID: 15540): index.php 
[2017-03-19 20-50-59] PHP Notice: Undefined index: HTTP_USER_AGENT in C:\Users\WPJ3Station\DiskGoogle\James\LOCALHOST\DP\Webshooter\app\FrontModule\presenters\UserAgentParser.php:21  @  CLI (PID: 8204): index.php 
[2017-03-19 21-05-59] PHP Notice: Undefined index: HTTP_USER_AGENT in C:\Users\WPJ3Station\DiskGoogle\James\LOCALHOST\DP\Webshooter\app\FrontModule\presenters\UserAgentParser.php:21  @  CLI (PID: 4256): index.php 
[2017-03-19 21-21-00] PHP Notice: Undefined index: HTTP_USER_AGENT in C:\Users\WPJ3Station\DiskGoogle\James\LOCALHOST\DP\Webshooter\app\FrontModule\presenters\UserAgentParser.php:21  @  CLI (PID: 18316): index.php 
[2017-03-19 21-35-59] PHP Notice: Undefined index: HTTP_USER_AGENT in C:\Users\WPJ3Station\DiskGoogle\James\LOCALHOST\DP\Webshooter\app\FrontModule\presenters\UserAgentParser.php:21  @  CLI (PID: 14492): index.php 
[2017-03-19 21-51-00] PHP Notice: Undefined index: HTTP_USER_AGENT in C:\Users\WPJ3Station\DiskGoogle\James\LOCALHOST\DP\Webshooter\app\FrontModule\presenters\UserAgentParser.php:21  @  CLI (PID: 1864): index.php 
[2017-03-19 22-06-00] PHP Notice: Undefined index: HTTP_USER_AGENT in C:\Users\WPJ3Station\DiskGoogle\James\LOCALHOST\DP\Webshooter\app\FrontModule\presenters\UserAgentParser.php:21  @  CLI (PID: 15064): index.php 
[2017-03-19 22-20-59] PHP Notice: Undefined index: HTTP_USER_AGENT in C:\Users\WPJ3Station\DiskGoogle\James\LOCALHOST\DP\Webshooter\app\FrontModule\presenters\UserAgentParser.php:21  @  CLI (PID: 13588): index.php 
[2017-03-19 22-36-00] PHP Notice: Undefined index: HTTP_USER_AGENT in C:\Users\WPJ3Station\DiskGoogle\James\LOCALHOST\DP\Webshooter\app\FrontModule\presenters\UserAgentParser.php:21  @  CLI (PID: 18224): index.php 
[2017-03-20 08-06-02] PHP Notice: Undefined index: HTTP_USER_AGENT in C:\Users\WPJ3Station\DiskGoogle\James\LOCALHOST\DP\Webshooter\app\FrontModule\presenters\UserAgentParser.php:21  @  CLI (PID: 6328): index.php 
[2017-03-20 08-20-59] PHP Notice: Undefined index: HTTP_USER_AGENT in C:\Users\WPJ3Station\DiskGoogle\James\LOCALHOST\DP\Webshooter\app\FrontModule\presenters\UserAgentParser.php:21  @  CLI (PID: 6844): index.php 
[2017-03-20 08-35-59] PHP Notice: Undefined index: HTTP_USER_AGENT in C:\Users\WPJ3Station\DiskGoogle\James\LOCALHOST\DP\Webshooter\app\FrontModule\presenters\UserAgentParser.php:21  @  CLI (PID: 12308): index.php 
[2017-03-20 08-50-59] PHP Notice: Undefined index: HTTP_USER_AGENT in C:\Users\WPJ3Station\DiskGoogle\James\LOCALHOST\DP\Webshooter\app\FrontModule\presenters\UserAgentParser.php:21  @  CLI (PID: 16608): index.php 
[2017-03-20 09-05-59] PHP Notice: Undefined index: HTTP_USER_AGENT in C:\Users\WPJ3Station\DiskGoogle\James\LOCALHOST\DP\Webshooter\app\FrontModule\presenters\UserAgentParser.php:21  @  CLI (PID: 6264): index.php 
[2017-03-20 09-20-59] PHP Notice: Undefined index: HTTP_USER_AGENT in C:\Users\WPJ3Station\DiskGoogle\James\LOCALHOST\DP\Webshooter\app\FrontModule\presenters\UserAgentParser.php:21  @  CLI (PID: 10188): index.php 
[2017-03-20 09-35-59] PHP Notice: Undefined index: HTTP_USER_AGENT in C:\Users\WPJ3Station\DiskGoogle\James\LOCALHOST\DP\Webshooter\app\FrontModule\presenters\UserAgentParser.php:21  @  CLI (PID: 9460): index.php 
[2017-03-20 09-50-59] PHP Notice: Undefined index: HTTP_USER_AGENT in C:\Users\WPJ3Station\DiskGoogle\James\LOCALHOST\DP\Webshooter\app\FrontModule\presenters\UserAgentParser.php:21  @  CLI (PID: 5456): index.php 
[2017-03-20 10-05-59] PHP Notice: Undefined index: HTTP_USER_AGENT in C:\Users\WPJ3Station\DiskGoogle\James\LOCALHOST\DP\Webshooter\app\FrontModule\presenters\UserAgentParser.php:21  @  CLI (PID: 15932): index.php 
[2017-03-20 10-20-59] PHP Notice: Undefined index: HTTP_USER_AGENT in C:\Users\WPJ3Station\DiskGoogle\James\LOCALHOST\DP\Webshooter\app\FrontModule\presenters\UserAgentParser.php:21  @  CLI (PID: 6724): index.php 
[2017-03-20 10-35-59] PHP Notice: Undefined index: HTTP_USER_AGENT in C:\Users\WPJ3Station\DiskGoogle\James\LOCALHOST\DP\Webshooter\app\FrontModule\presenters\UserAgentParser.php:21  @  CLI (PID: 11332): index.php 
[2017-03-20 12-35-59] PHP Notice: Undefined index: HTTP_USER_AGENT in C:\Users\WPJ3Station\DiskGoogle\James\LOCALHOST\DP\Webshooter\app\FrontModule\presenters\UserAgentParser.php:21  @  CLI (PID: 5872): index.php 
[2017-04-02 20-35-43] PHP Notice: Undefined index: HTTP_USER_AGENT in C:\Users\WPJ3Station\DiskGoogle\James\LOCALHOST\DP\Webshooter\app\FrontModule\presenters\UserAgentParser.php:21  @  CLI (PID: 1792): index.php 
[2017-04-11 12-12-41] PHP Notice: Undefined index: HTTP_USER_AGENT in C:\Users\WPJ3Station\DiskGoogle\James\LOCALHOST\DP\Webshooter\app\FrontModule\presenters\UserAgentParser.php:21  @  CLI (PID: 12192): index.php 
[2017-04-11 12-21-00] PHP Notice: Undefined index: HTTP_USER_AGENT in C:\Users\WPJ3Station\DiskGoogle\James\LOCALHOST\DP\Webshooter\app\FrontModule\presenters\UserAgentParser.php:21  @  CLI (PID: 2364): index.php 
[2017-04-11 12-35-59] PHP Notice: Undefined index: HTTP_USER_AGENT in C:\Users\WPJ3Station\DiskGoogle\James\LOCALHOST\DP\Webshooter\app\FrontModule\presenters\UserAgentParser.php:21  @  CLI (PID: 9928): index.php 
[2017-04-11 12-50-59] PHP Notice: Undefined index: HTTP_USER_AGENT in C:\Users\WPJ3Station\DiskGoogle\James\LOCALHOST\DP\Webshooter\app\FrontModule\presenters\UserAgentParser.php:21  @  CLI (PID: 11684): index.php 
[2017-04-11 13-05-59] PHP Notice: Undefined index: HTTP_USER_AGENT in C:\Users\WPJ3Station\DiskGoogle\James\LOCALHOST\DP\Webshooter\app\FrontModule\presenters\UserAgentParser.php:21  @  CLI (PID: 10020): index.php 
[2017-04-11 13-20-59] PHP Notice: Undefined index: HTTP_USER_AGENT in C:\Users\WPJ3Station\DiskGoogle\James\LOCALHOST\DP\Webshooter\app\FrontModule\presenters\UserAgentParser.php:21  @  CLI (PID: 6468): index.php 
[2017-04-11 13-35-59] PHP Notice: Undefined index: HTTP_USER_AGENT in C:\Users\WPJ3Station\DiskGoogle\James\LOCALHOST\DP\Webshooter\app\FrontModule\presenters\UserAgentParser.php:21  @  CLI (PID: 14248): index.php 
[2017-04-11 13-39-39] PHP Notice: Undefined index: HTTP_USER_AGENT in C:\Users\WPJ3Station\DiskGoogle\James\LOCALHOST\DP\Webshooter\app\FrontModule\presenters\UserAgentParser.php:21  @  CLI (PID: 5276): index.php 
[2017-04-11 13-51-00] PHP Notice: Undefined index: HTTP_USER_AGENT in C:\Users\WPJ3Station\DiskGoogle\James\LOCALHOST\DP\Webshooter\app\FrontModule\presenters\UserAgentParser.php:21  @  CLI (PID: 4752): index.php 
[2017-04-11 14-05-59] PHP Notice: Undefined index: HTTP_USER_AGENT in C:\Users\WPJ3Station\DiskGoogle\James\LOCALHOST\DP\Webshooter\app\FrontModule\presenters\UserAgentParser.php:21  @  CLI (PID: 6972): index.php 
[2017-04-11 14-20-59] PHP Notice: Undefined index: HTTP_USER_AGENT in C:\Users\WPJ3Station\DiskGoogle\James\LOCALHOST\DP\Webshooter\app\FrontModule\presenters\UserAgentParser.php:21  @  CLI (PID: 9124): index.php 
[2017-04-11 14-35-59] PHP Notice: Undefined index: HTTP_USER_AGENT in C:\Users\WPJ3Station\DiskGoogle\James\LOCALHOST\DP\Webshooter\app\FrontModule\presenters\UserAgentParser.php:21  @  CLI (PID: 10420): index.php 
[2017-04-11 14-50-59] PHP Notice: Undefined index: HTTP_USER_AGENT in C:\Users\WPJ3Station\DiskGoogle\James\LOCALHOST\DP\Webshooter\app\FrontModule\presenters\UserAgentParser.php:21  @  CLI (PID: 4192): index.php 
[2017-04-11 15-05-59] PHP Notice: Undefined index: HTTP_USER_AGENT in C:\Users\WPJ3Station\DiskGoogle\James\LOCALHOST\DP\Webshooter\app\FrontModule\presenters\UserAgentParser.php:21  @  CLI (PID: 13988): index.php 
[2017-04-11 15-20-59] PHP Notice: Undefined index: HTTP_USER_AGENT in C:\Users\WPJ3Station\DiskGoogle\James\LOCALHOST\DP\Webshooter\app\FrontModule\presenters\UserAgentParser.php:21  @  CLI (PID: 1136): index.php 
[2017-04-11 15-35-59] PHP Notice: Undefined index: HTTP_USER_AGENT in C:\Users\WPJ3Station\DiskGoogle\James\LOCALHOST\DP\Webshooter\app\FrontModule\presenters\UserAgentParser.php:21  @  CLI (PID: 1416): index.php 
[2017-04-11 15-50-59] PHP Notice: Undefined index: HTTP_USER_AGENT in C:\Users\WPJ3Station\DiskGoogle\James\LOCALHOST\DP\Webshooter\app\FrontModule\presenters\UserAgentParser.php:21  @  CLI (PID: 7836): index.php 
[2017-04-11 16-05-59] PHP Notice: Undefined index: HTTP_USER_AGENT in C:\Users\WPJ3Station\DiskGoogle\James\LOCALHOST\DP\Webshooter\app\FrontModule\presenters\UserAgentParser.php:21  @  CLI (PID: 2324): index.php 
